\BOOKMARK [1][-]{section.1}{\376\377\000p\000y\000t\000h\000o\000n\127\372\170\100}{}% 1
\BOOKMARK [2][-]{subsection.1.1}{\376\377\145\160\143\156\174\173\127\213\116\016\123\330\221\317}{section.1}% 2
\BOOKMARK [2][-]{subsection.1.2}{\376\377\133\127\173\046\116\062\116\016\177\026\170\001}{section.1}% 3
\BOOKMARK [2][-]{subsection.1.3}{\376\377\000L\000i\000s\000t\116\016\000T\000u\000p\000l\000e}{section.1}% 4
\BOOKMARK [2][-]{subsection.1.4}{\376\377\147\141\116\366\122\044\145\255}{section.1}% 5
\BOOKMARK [2][-]{subsection.1.5}{\376\377\137\252\163\257}{section.1}% 6
\BOOKMARK [2][-]{subsection.1.6}{\376\377\000D\000i\000c\000t\116\016\000S\000e\000t}{section.1}% 7
\BOOKMARK [1][-]{section.2}{\376\377\121\375\145\160}{}% 8
\BOOKMARK [2][-]{subsection.2.1}{\376\377\214\003\165\050\121\375\145\160}{section.2}% 9
\BOOKMARK [2][-]{subsection.2.2}{\376\377\133\232\116\111\121\375\145\160}{section.2}% 10
\BOOKMARK [2][-]{subsection.2.3}{\376\377\121\375\145\160\166\204\123\302\145\160}{section.2}% 11
\BOOKMARK [3][-]{subsubsection.2.3.1}{\376\377\117\115\177\156\123\302\145\160}{subsection.2.3}% 12
\BOOKMARK [3][-]{subsubsection.2.3.2}{\376\377\236\330\213\244\123\302\145\160\000.}{subsection.2.3}% 13
\BOOKMARK [3][-]{subsubsection.2.3.3}{\376\377\123\357\123\330\123\302\145\160}{subsection.2.3}% 14
\BOOKMARK [3][-]{subsubsection.2.3.4}{\376\377\121\163\225\056\133\127\123\302\145\160}{subsection.2.3}% 15
\BOOKMARK [3][-]{subsubsection.2.3.5}{\376\377\124\175\124\015\121\163\225\056\133\127\123\302\145\160}{subsection.2.3}% 16
\BOOKMARK [3][-]{subsubsection.2.3.6}{\376\377\176\304\124\010\123\302\145\160}{subsection.2.3}% 17
\BOOKMARK [2][-]{subsection.2.4}{\376\377\220\022\137\122\121\375\145\160}{section.2}% 18
\BOOKMARK [1][-]{section.3}{\376\377\232\330\226\066\162\171\140\047}{}% 19
\BOOKMARK [2][-]{subsection.3.1}{\376\377\122\007\162\107}{section.3}% 20
\BOOKMARK [2][-]{subsection.3.2}{\376\377\217\355\116\343}{section.3}% 21
\BOOKMARK [2][-]{subsection.3.3}{\376\377\122\027\210\150\165\037\142\020\126\150}{section.3}% 22
\BOOKMARK [2][-]{subsection.3.4}{\376\377\165\037\142\020\126\150}{section.3}% 23
\BOOKMARK [2][-]{subsection.3.5}{\376\377\217\355\116\343\154\102}{section.3}% 24
\BOOKMARK [1][-]{section.4}{\376\377\121\375\145\160\137\017\177\026\172\013}{}% 25
\BOOKMARK [2][-]{subsection.4.1}{\376\377\232\330\226\066\121\375\145\160}{section.4}% 26
\BOOKMARK [3][-]{subsubsection.4.1.1}{\376\377\000m\000a\000p\000/\000r\000e\000d\000u\000c\000e}{subsection.4.1}% 27
\BOOKMARK [3][-]{subsubsection.4.1.2}{\376\377\000f\000i\000l\000t\000e\000r}{subsection.4.1}% 28
\BOOKMARK [3][-]{subsubsection.4.1.3}{\376\377\000s\000o\000r\000t\000e\000d}{subsection.4.1}% 29
\BOOKMARK [2][-]{subsection.4.2}{\376\377\217\324\126\336\121\375\145\160}{section.4}% 30
\BOOKMARK [2][-]{subsection.4.3}{\376\377\123\077\124\015\121\375\145\160}{section.4}% 31
\BOOKMARK [2][-]{subsection.4.4}{\376\377\210\305\231\160\126\150}{section.4}% 32
\BOOKMARK [2][-]{subsection.4.5}{\376\377\120\117\121\375\145\160}{section.4}% 33
\BOOKMARK [1][-]{section.5}{\376\377\152\041\127\127}{}% 34
\BOOKMARK [2][-]{subsection.5.1}{\376\377\117\177\165\050\152\041\127\127}{section.5}% 35
\BOOKMARK [2][-]{subsection.5.2}{\376\377\133\211\210\305\173\054\116\011\145\271\152\041\127\127}{section.5}% 36
\BOOKMARK [1][-]{section.6}{\376\377\227\142\133\371\133\371\214\141\177\026\172\013}{}% 37
\BOOKMARK [2][-]{subsection.6.1}{\376\377\174\173\124\214\133\236\117\213}{section.6}% 38
\BOOKMARK [2][-]{subsection.6.2}{\376\377\213\277\225\356\226\120\122\066}{section.6}% 39
\BOOKMARK [2][-]{subsection.6.3}{\376\377\176\347\142\177\124\214\131\032\140\001}{section.6}% 40
\BOOKMARK [2][-]{subsection.6.4}{\376\377\203\267\123\326\133\371\214\141\117\341\140\157}{section.6}% 41
\BOOKMARK [2][-]{subsection.6.5}{\376\377\133\236\117\213\134\136\140\047\124\214\174\173\134\136\140\047}{section.6}% 42
\BOOKMARK [1][-]{section.7}{\376\377\227\142\133\371\133\371\214\141\232\330\176\247\177\026\172\013}{}% 43
\BOOKMARK [2][-]{subsection.7.1}{\376\377\117\177\165\050\000\137\000\137\000s\000l\000o\000t\000s\000\137\000\137}{section.7}% 44
\BOOKMARK [2][-]{subsection.7.2}{\376\377\117\177\165\050\000@\000p\000r\000o\000p\000e\000r\000t\000y}{section.7}% 45
\BOOKMARK [2][-]{subsection.7.3}{\376\377\131\032\221\315\176\347\142\177}{section.7}% 46
\BOOKMARK [2][-]{subsection.7.4}{\376\377\133\232\122\066\174\173}{section.7}% 47
\BOOKMARK [2][-]{subsection.7.5}{\376\377\117\177\165\050\147\232\116\076\174\173}{section.7}% 48
\BOOKMARK [2][-]{subsection.7.6}{\376\377\117\177\165\050\121\103\174\173}{section.7}% 49
\BOOKMARK [1][-]{section.8}{\376\377\225\031\213\357\377\014\214\003\213\325\116\016\155\113\213\325}{}% 50
\BOOKMARK [1][-]{section.9}{\376\377\000I\000O\177\026\172\013}{}% 51
\BOOKMARK [1][-]{section.10}{\376\377\217\333\172\013\116\016\176\277\172\013}{}% 52
\BOOKMARK [1][-]{section.11}{\376\377\136\070\165\050\121\205\136\372\152\041\127\127}{}% 53
\BOOKMARK [1][-]{section.12}{\376\377\136\070\165\050\173\054\116\011\145\271\152\041\127\127}{}% 54
\BOOKMARK [1][-]{section.13}{\376\377\177\121\176\334\177\026\172\013}{}% 55
\BOOKMARK [1][-]{section.14}{\376\377\165\065\133\120\220\256\116\366}{}% 56
\BOOKMARK [1][-]{section.15}{\376\377\213\277\225\356\145\160\143\156\136\223}{}% 57
\BOOKMARK [1][-]{section.16}{\376\377\000W\000e\000b\137\000\123\321}{}% 58
\BOOKMARK [1][-]{section.17}{\376\377\137\002\153\145\000I\000O}{}% 59
\BOOKMARK [1][-]{section.18}{\376\377\133\236\142\030}{}% 60
